<?xml version="1.0" encoding="UTF-8"?>
<testsuite name="test_guest_checkout_tests.TestGuestCheckout-20240401104642" tests="8" file="test_guest_checkout_tests.py" time="0.086" timestamp="2024-04-01T10:46:43" failures="0" errors="0" skipped="0">
	<testcase classname="test_guest_checkout_tests.TestGuestCheckout" name="testTc1Valid" time="0.037" timestamp="2024-04-01T10:46:43"/>
	<testcase classname="test_guest_checkout_tests.TestGuestCheckout" name="testTc3_10" time="0.033" timestamp="2024-04-01T10:46:43"/>
	<testcase classname="test_guest_checkout_tests.TestGuestCheckout" name="testTc3_2" time="0.003" timestamp="2024-04-01T10:46:43"/>
	<testcase classname="test_guest_checkout_tests.TestGuestCheckout" name="testTc3_3" time="0.002" timestamp="2024-04-01T10:46:43"/>
	<testcase classname="test_guest_checkout_tests.TestGuestCheckout" name="testTc3_4" time="0.002" timestamp="2024-04-01T10:46:43"/>
	<testcase classname="test_guest_checkout_tests.TestGuestCheckout" name="testTc3_5" time="0.003" timestamp="2024-04-01T10:46:43"/>
	<testcase classname="test_guest_checkout_tests.TestGuestCheckout" name="testTc3_6" time="0.003" timestamp="2024-04-01T10:46:43"/>
	<testcase classname="test_guest_checkout_tests.TestGuestCheckout" name="testTc3_9" time="0.003" timestamp="2024-04-01T10:46:43"/>
</testsuite>
