<?xml version="1.0" encoding="UTF-8"?>
<testsuite name="test_guest_arrival_tests.TestGuestArrival-20240401110729" tests="20" file="test_guest_arrival_tests.py" time="0.145" timestamp="2024-04-01T11:07:30" failures="0" errors="0" skipped="0">
	<testcase classname="test_guest_arrival_tests.TestGuestArrival" name="testTc10DUP" time="0.003" timestamp="2024-04-01T11:07:29"/>
	<testcase classname="test_guest_arrival_tests.TestGuestArrival" name="testTc11DEL" time="0.003" timestamp="2024-04-01T11:07:29"/>
	<testcase classname="test_guest_arrival_tests.TestGuestArrival" name="testTc12DUP" time="0.003" timestamp="2024-04-01T11:07:29"/>
	<testcase classname="test_guest_arrival_tests.TestGuestArrival" name="testTc12MOD" time="0.003" timestamp="2024-04-01T11:07:29"/>
	<testcase classname="test_guest_arrival_tests.TestGuestArrival" name="testTc13" time="0.003" timestamp="2024-04-01T11:07:29"/>
	<testcase classname="test_guest_arrival_tests.TestGuestArrival" name="testTc14" time="0.003" timestamp="2024-04-01T11:07:29"/>
	<testcase classname="test_guest_arrival_tests.TestGuestArrival" name="testTc15" time="0.004" timestamp="2024-04-01T11:07:29"/>
	<testcase classname="test_guest_arrival_tests.TestGuestArrival" name="testTc16" time="0.003" timestamp="2024-04-01T11:07:29"/>
	<testcase classname="test_guest_arrival_tests.TestGuestArrival" name="testTc17" time="0.004" timestamp="2024-04-01T11:07:29"/>
	<testcase classname="test_guest_arrival_tests.TestGuestArrival" name="testTc1Valid" time="0.049" timestamp="2024-04-01T11:07:30"/>
	<testcase classname="test_guest_arrival_tests.TestGuestArrival" name="testTc2" time="0.003" timestamp="2024-04-01T11:07:30"/>
	<testcase classname="test_guest_arrival_tests.TestGuestArrival" name="testTc3" time="0.002" timestamp="2024-04-01T11:07:30"/>
	<testcase classname="test_guest_arrival_tests.TestGuestArrival" name="testTc4" time="0.003" timestamp="2024-04-01T11:07:30"/>
	<testcase classname="test_guest_arrival_tests.TestGuestArrival" name="testTc5" time="0.003" timestamp="2024-04-01T11:07:30"/>
	<testcase classname="test_guest_arrival_tests.TestGuestArrival" name="testTc6" time="0.024" timestamp="2024-04-01T11:07:30"/>
	<testcase classname="test_guest_arrival_tests.TestGuestArrival" name="testTc7F1DEL" time="0.003" timestamp="2024-04-01T11:07:30"/>
	<testcase classname="test_guest_arrival_tests.TestGuestArrival" name="testTc7F2DEL" time="0.003" timestamp="2024-04-01T11:07:30"/>
	<testcase classname="test_guest_arrival_tests.TestGuestArrival" name="testTc8F1DUP" time="0.021" timestamp="2024-04-01T11:07:30"/>
	<testcase classname="test_guest_arrival_tests.TestGuestArrival" name="testTc9DUP" time="0.003" timestamp="2024-04-01T11:07:30"/>
	<testcase classname="test_guest_arrival_tests.TestGuestArrival" name="testTc9MOD" time="0.003" timestamp="2024-04-01T11:07:30"/>
</testsuite>
